  AdvancedGDKPCH.cpp
  amxplugin.cpp
  sampgdk.c
  Actions.cpp
  Clock.cpp
  Color.cpp
  Generating Code...
  PlacementTracker.cpp
  ASCII.cpp
  Command.cpp
  CommandManager.cpp
  Keyboard.cpp
  Player.cpp
  PlayerPool.cpp
  Weapon.cpp
d:\inne\repos\advancedgdk\advancedgdk\src\advancedgdk\server\weapon.cpp(101): warning C4018: '>': signed/unsigned mismatch
  Chat.cpp
  GameMode.cpp
  Server.cpp
  Generating Code...
  3DNode.cpp
  GangZone.cpp
  Map.cpp
  Scene.cpp
  GlobalObject.cpp
  SceneLoader.cpp
  PersonalObject.cpp
  UniversalObject.cpp
  Vehicle.cpp
d:\inne\repos\advancedgdk\advancedgdk\src\advancedgdk\world\vehicle.cpp(446): warning C4018: '>': signed/unsigned mismatch
  MapObject.cpp
  PerPlayerObject.cpp
  WI3DNode.cpp
  Generating Code...
  Chunk.cpp
d:\inne\repos\advancedgdk\advancedgdk\src\advancedgdk\world\streamer\chunk.cpp(278): warning C4267: 'initializing': conversion from 'size_t' to 'uint8_t', possible loss of data
d:\inne\repos\advancedgdk\advancedgdk\src\advancedgdk\world\streamer\chunk.cpp(278): warning C4267: 'initializing': conversion from 'size_t' to 'const uint8_t', possible loss of data
  ChunkActor.cpp
  GlobalActorWrapper.cpp
  GlobalObjectWrapper.cpp
  PersonalObjectWrapper.cpp
  PlayerWrapper.cpp
  Streamer.cpp
d:\inne\repos\advancedgdk\advancedgdk\src\advancedgdk\world\streamer\streamer.cpp(385): warning C4244: 'initializing': conversion from 'double' to 'intmax_t', possible loss of data
d:\inne\repos\advancedgdk\advancedgdk\src\advancedgdk\world\streamer\streamer.cpp(385): warning C4244: 'initializing': conversion from 'double' to 'const intmax_t', possible loss of data
d:\inne\repos\advancedgdk\advancedgdk\src\advancedgdk\world\streamer\streamer.cpp(388): warning C4244: 'argument': conversion from 'intmax_t' to 'const unsigned int', possible loss of data
d:\inne\repos\advancedgdk\advancedgdk\include\advancedgdk\core\container\divisiblegrid3.hpp(309): warning C4244: 'argument': conversion from '__int64' to 'std::array<std::array<std::array<std::unique_ptr<agdk::DivisibleGrid3Node<TElementType,std::ratio<409600,1>,4,6>,std::default_delete<T>>,4>,4>,4>::size_type', possible loss of data
          with
          [
              TElementType=agdk::default_streamer::Chunk,
              T=agdk::DivisibleGrid3Node<agdk::default_streamer::Chunk,std::ratio<409600,1>,4,6>
          ]
  d:\inne\repos\advancedgdk\advancedgdk\include\advancedgdk\core\container\divisiblegrid3.hpp(305): note: while compiling class template member function 'void agdk::DivisibleGrid3Node<agdk::default_streamer::Chunk,std::ratio<1638400,1>,4,7>::removeNode(const quickmaffs::Vector3f &)'
  d:\inne\repos\advancedgdk\advancedgdk\src\advancedgdk\world\streamer\streamer.cpp(478): note: see reference to function template instantiation 'void agdk::DivisibleGrid3Node<agdk::default_streamer::Chunk,std::ratio<1638400,1>,4,7>::removeNode(const quickmaffs::Vector3f &)' being compiled
  d:\inne\repos\advancedgdk\advancedgdk\include\advancedgdk\world\streamer\streamer.hpp(244): note: see reference to class template instantiation 'agdk::DivisibleGrid3Node<agdk::default_streamer::Chunk,std::ratio<1638400,1>,4,7>' being compiled
d:\inne\repos\advancedgdk\advancedgdk\include\advancedgdk\core\container\divisiblegrid3.hpp(309): warning C4244: 'argument': conversion from '__int64' to 'std::array<std::array<std::unique_ptr<agdk::DivisibleGrid3Node<TElementType,std::ratio<409600,1>,4,6>,std::default_delete<T>>,4>,4>::size_type', possible loss of data
          with
          [
              TElementType=agdk::default_streamer::Chunk,
              T=agdk::DivisibleGrid3Node<agdk::default_streamer::Chunk,std::ratio<409600,1>,4,6>
          ]
d:\inne\repos\advancedgdk\advancedgdk\include\advancedgdk\core\container\divisiblegrid3.hpp(309): warning C4244: 'argument': conversion from '__int64' to 'std::array<std::unique_ptr<agdk::DivisibleGrid3Node<TElementType,std::ratio<409600,1>,4,6>,std::default_delete<T>>,4>::size_type', possible loss of data
          with
          [
              TElementType=agdk::default_streamer::Chunk,
              T=agdk::DivisibleGrid3Node<agdk::default_streamer::Chunk,std::ratio<409600,1>,4,6>
          ]
d:\inne\repos\advancedgdk\advancedgdk\include\advancedgdk\core\container\divisiblegrid3.hpp(240): warning C4244: 'argument': conversion from '__int64' to 'std::array<std::array<std::array<std::unique_ptr<agdk::DivisibleGrid3Node<TElementType,std::ratio<409600,1>,4,6>,std::default_delete<T>>,4>,4>,4>::size_type', possible loss of data
          with
          [
              TElementType=agdk::default_streamer::Chunk,
              T=agdk::DivisibleGrid3Node<agdk::default_streamer::Chunk,std::ratio<409600,1>,4,6>
          ]
  d:\inne\repos\advancedgdk\advancedgdk\include\advancedgdk\core\container\divisiblegrid3.hpp(237): note: while compiling class template member function 'TElementType *agdk::DivisibleGrid3Node<TElementType,std::ratio<1638400,1>,4,7>::get(const quickmaffs::Vector3f &)'
          with
          [
              TElementType=agdk::default_streamer::Chunk
          ]
  d:\inne\repos\advancedgdk\advancedgdk\src\advancedgdk\world\streamer\streamer.cpp(407): note: see reference to function template instantiation 'TElementType *agdk::DivisibleGrid3Node<TElementType,std::ratio<1638400,1>,4,7>::get(const quickmaffs::Vector3f &)' being compiled
          with
          [
              TElementType=agdk::default_streamer::Chunk
          ]
d:\inne\repos\advancedgdk\advancedgdk\include\advancedgdk\core\container\divisiblegrid3.hpp(240): warning C4244: 'argument': conversion from '__int64' to 'std::array<std::array<std::unique_ptr<agdk::DivisibleGrid3Node<TElementType,std::ratio<409600,1>,4,6>,std::default_delete<T>>,4>,4>::size_type', possible loss of data
          with
          [
              TElementType=agdk::default_streamer::Chunk,
              T=agdk::DivisibleGrid3Node<agdk::default_streamer::Chunk,std::ratio<409600,1>,4,6>
          ]
d:\inne\repos\advancedgdk\advancedgdk\include\advancedgdk\core\container\divisiblegrid3.hpp(240): warning C4244: 'argument': conversion from '__int64' to 'std::array<std::unique_ptr<agdk::DivisibleGrid3Node<TElementType,std::ratio<409600,1>,4,6>,std::default_delete<T>>,4>::size_type', possible loss of data
          with
          [
              TElementType=agdk::default_streamer::Chunk,
              T=agdk::DivisibleGrid3Node<agdk::default_streamer::Chunk,std::ratio<409600,1>,4,6>
          ]
d:\inne\repos\advancedgdk\advancedgdk\include\advancedgdk\core\container\divisiblegrid3.hpp(179): warning C4244: 'argument': conversion from '__int64' to 'std::array<std::array<std::array<std::unique_ptr<agdk::DivisibleGrid3Node<TElementType,std::ratio<409600,1>,4,6>,std::default_delete<T>>,4>,4>,4>::size_type', possible loss of data
          with
          [
              TElementType=agdk::default_streamer::Chunk,
              T=agdk::DivisibleGrid3Node<agdk::default_streamer::Chunk,std::ratio<409600,1>,4,6>
          ]
  d:\inne\repos\advancedgdk\advancedgdk\include\advancedgdk\core\container\divisiblegrid3.hpp(173): note: while compiling class template member function 'TElementType &agdk::DivisibleGrid3Node<TElementType,std::ratio<1638400,1>,4,7>::require(const quickmaffs::Vector3f &)'
          with
          [
              TElementType=agdk::default_streamer::Chunk
          ]
  d:\inne\repos\advancedgdk\advancedgdk\src\advancedgdk\world\streamer\streamer.cpp(467): note: see reference to function template instantiation 'TElementType &agdk::DivisibleGrid3Node<TElementType,std::ratio<1638400,1>,4,7>::require(const quickmaffs::Vector3f &)' being compiled
          with
          [
              TElementType=agdk::default_streamer::Chunk
          ]
d:\inne\repos\advancedgdk\advancedgdk\include\advancedgdk\core\container\divisiblegrid3.hpp(179): warning C4244: 'argument': conversion from '__int64' to 'std::array<std::array<std::unique_ptr<agdk::DivisibleGrid3Node<TElementType,std::ratio<409600,1>,4,6>,std::default_delete<T>>,4>,4>::size_type', possible loss of data
          with
          [
              TElementType=agdk::default_streamer::Chunk,
              T=agdk::DivisibleGrid3Node<agdk::default_streamer::Chunk,std::ratio<409600,1>,4,6>
          ]
d:\inne\repos\advancedgdk\advancedgdk\include\advancedgdk\core\container\divisiblegrid3.hpp(179): warning C4244: 'argument': conversion from '__int64' to 'std::array<std::unique_ptr<agdk::DivisibleGrid3Node<TElementType,std::ratio<409600,1>,4,6>,std::default_delete<T>>,4>::size_type', possible loss of data
          with
          [
              TElementType=agdk::default_streamer::Chunk,
              T=agdk::DivisibleGrid3Node<agdk::default_streamer::Chunk,std::ratio<409600,1>,4,6>
          ]
d:\inne\repos\advancedgdk\advancedgdk\include\advancedgdk\core\container\divisiblegrid3.hpp(309): warning C4244: 'argument': conversion from '__int64' to 'std::array<std::array<std::array<std::unique_ptr<agdk::DivisibleGrid3Node<TElementType,std::ratio<102400,1>,4,5>,std::default_delete<T>>,4>,4>,4>::size_type', possible loss of data
          with
          [
              TElementType=agdk::default_streamer::Chunk,
              T=agdk::DivisibleGrid3Node<agdk::default_streamer::Chunk,std::ratio<102400,1>,4,5>
          ]
  d:\inne\repos\advancedgdk\advancedgdk\include\advancedgdk\core\container\divisiblegrid3.hpp(305): note: while compiling class template member function 'void agdk::DivisibleGrid3Node<TElementType,std::ratio<409600,1>,4,6>::removeNode(const quickmaffs::Vector3f &)'
          with
          [
              TElementType=agdk::default_streamer::Chunk
          ]
  d:\inne\repos\advancedgdk\advancedgdk\include\advancedgdk\core\container\divisiblegrid3.hpp(318): note: see reference to function template instantiation 'void agdk::DivisibleGrid3Node<TElementType,std::ratio<409600,1>,4,6>::removeNode(const quickmaffs::Vector3f &)' being compiled
          with
          [
              TElementType=agdk::default_streamer::Chunk
          ]
  d:\inne\repos\advancedgdk\advancedgdk\include\advancedgdk\core\container\divisiblegrid3.hpp(363): note: see reference to class template instantiation 'agdk::DivisibleGrid3Node<TElementType,std::ratio<409600,1>,4,6>' being compiled
          with
          [
              TElementType=agdk::default_streamer::Chunk
          ]
  d:\inne\repos\advancedgdk\advancedgdk\include\advancedgdk\core\container\divisiblegrid3.hpp(362): note: see reference to class template instantiation 'quickmaffs::Vector3<double>' being compiled
  d:\inne\repos\advancedgdk\advancedgdk\include\advancedgdk\core\container\divisiblegrid3.hpp(361): note: while compiling class template member function 'VectorType agdk::DivisibleGrid3Node<agdk::default_streamer::Chunk,std::ratio<1638400,1>,4,7>::computeArrayIndices(const quickmaffs::Vector3f &) const'
d:\inne\repos\advancedgdk\advancedgdk\include\advancedgdk\core\container\divisiblegrid3.hpp(309): warning C4244: 'argument': conversion from '__int64' to 'std::array<std::array<std::unique_ptr<agdk::DivisibleGrid3Node<TElementType,std::ratio<102400,1>,4,5>,std::default_delete<T>>,4>,4>::size_type', possible loss of data
          with
          [
              TElementType=agdk::default_streamer::Chunk,
              T=agdk::DivisibleGrid3Node<agdk::default_streamer::Chunk,std::ratio<102400,1>,4,5>
          ]
d:\inne\repos\advancedgdk\advancedgdk\include\advancedgdk\core\container\divisiblegrid3.hpp(309): warning C4244: 'argument': conversion from '__int64' to 'std::array<std::unique_ptr<agdk::DivisibleGrid3Node<TElementType,std::ratio<102400,1>,4,5>,std::default_delete<T>>,4>::size_type', possible loss of data
          with
          [
              TElementType=agdk::default_streamer::Chunk,
              T=agdk::DivisibleGrid3Node<agdk::default_streamer::Chunk,std::ratio<102400,1>,4,5>
          ]
d:\inne\repos\advancedgdk\advancedgdk\include\advancedgdk\core\container\divisiblegrid3.hpp(240): warning C4244: 'argument': conversion from '__int64' to 'std::array<std::array<std::array<std::unique_ptr<agdk::DivisibleGrid3Node<TElementType,std::ratio<102400,1>,4,5>,std::default_delete<T>>,4>,4>,4>::size_type', possible loss of data
          with
          [
              TElementType=agdk::default_streamer::Chunk,
              T=agdk::DivisibleGrid3Node<agdk::default_streamer::Chunk,std::ratio<102400,1>,4,5>
          ]
  d:\inne\repos\advancedgdk\advancedgdk\include\advancedgdk\core\container\divisiblegrid3.hpp(237): note: while compiling class template member function 'TElementType *agdk::DivisibleGrid3Node<TElementType,std::ratio<409600,1>,4,6>::get(const quickmaffs::Vector3f &)'
          with
          [
              TElementType=agdk::default_streamer::Chunk
          ]
  d:\inne\repos\advancedgdk\advancedgdk\include\advancedgdk\core\container\divisiblegrid3.hpp(242): note: see reference to function template instantiation 'TElementType *agdk::DivisibleGrid3Node<TElementType,std::ratio<409600,1>,4,6>::get(const quickmaffs::Vector3f &)' being compiled
          with
          [
              TElementType=agdk::default_streamer::Chunk
          ]
d:\inne\repos\advancedgdk\advancedgdk\include\advancedgdk\core\container\divisiblegrid3.hpp(240): warning C4244: 'argument': conversion from '__int64' to 'std::array<std::array<std::unique_ptr<agdk::DivisibleGrid3Node<TElementType,std::ratio<102400,1>,4,5>,std::default_delete<T>>,4>,4>::size_type', possible loss of data
          with
          [
              TElementType=agdk::default_streamer::Chunk,
              T=agdk::DivisibleGrid3Node<agdk::default_streamer::Chunk,std::ratio<102400,1>,4,5>
          ]
d:\inne\repos\advancedgdk\advancedgdk\include\advancedgdk\core\container\divisiblegrid3.hpp(240): warning C4244: 'argument': conversion from '__int64' to 'std::array<std::unique_ptr<agdk::DivisibleGrid3Node<TElementType,std::ratio<102400,1>,4,5>,std::default_delete<T>>,4>::size_type', possible loss of data
          with
          [
              TElementType=agdk::default_streamer::Chunk,
              T=agdk::DivisibleGrid3Node<agdk::default_streamer::Chunk,std::ratio<102400,1>,4,5>
          ]
d:\inne\repos\advancedgdk\advancedgdk\include\advancedgdk\core\container\divisiblegrid3.hpp(179): warning C4244: 'argument': conversion from '__int64' to 'std::array<std::array<std::array<std::unique_ptr<agdk::DivisibleGrid3Node<TElementType,std::ratio<102400,1>,4,5>,std::default_delete<T>>,4>,4>,4>::size_type', possible loss of data
          with
          [
              TElementType=agdk::default_streamer::Chunk,
              T=agdk::DivisibleGrid3Node<agdk::default_streamer::Chunk,std::ratio<102400,1>,4,5>
          ]
  d:\inne\repos\advancedgdk\advancedgdk\include\advancedgdk\core\container\divisiblegrid3.hpp(173): note: while compiling class template member function 'TElementType &agdk::DivisibleGrid3Node<TElementType,std::ratio<409600,1>,4,6>::require(const quickmaffs::Vector3f &)'
          with
          [
              TElementType=agdk::default_streamer::Chunk
          ]
  d:\inne\repos\advancedgdk\advancedgdk\include\advancedgdk\core\container\divisiblegrid3.hpp(181): note: see reference to function template instantiation 'TElementType &agdk::DivisibleGrid3Node<TElementType,std::ratio<409600,1>,4,6>::require(const quickmaffs::Vector3f &)' being compiled
          with
          [
              TElementType=agdk::default_streamer::Chunk
          ]
d:\inne\repos\advancedgdk\advancedgdk\include\advancedgdk\core\container\divisiblegrid3.hpp(179): warning C4244: 'argument': conversion from '__int64' to 'std::array<std::array<std::unique_ptr<agdk::DivisibleGrid3Node<TElementType,std::ratio<102400,1>,4,5>,std::default_delete<T>>,4>,4>::size_type', possible loss of data
          with
          [
              TElementType=agdk::default_streamer::Chunk,
              T=agdk::DivisibleGrid3Node<agdk::default_streamer::Chunk,std::ratio<102400,1>,4,5>
          ]
d:\inne\repos\advancedgdk\advancedgdk\include\advancedgdk\core\container\divisiblegrid3.hpp(179): warning C4244: 'argument': conversion from '__int64' to 'std::array<std::unique_ptr<agdk::DivisibleGrid3Node<TElementType,std::ratio<102400,1>,4,5>,std::default_delete<T>>,4>::size_type', possible loss of data
          with
          [
              TElementType=agdk::default_streamer::Chunk,
              T=agdk::DivisibleGrid3Node<agdk::default_streamer::Chunk,std::ratio<102400,1>,4,5>
          ]
d:\inne\repos\advancedgdk\advancedgdk\include\advancedgdk\core\container\divisiblegrid3.hpp(309): warning C4244: 'argument': conversion from '__int64' to 'std::array<std::array<std::array<std::unique_ptr<agdk::DivisibleGrid3Node<TElementType,std::ratio<25600,1>,4,4>,std::default_delete<T>>,4>,4>,4>::size_type', possible loss of data
          with
          [
              TElementType=agdk::default_streamer::Chunk,
              T=agdk::DivisibleGrid3Node<agdk::default_streamer::Chunk,std::ratio<25600,1>,4,4>
          ]
  d:\inne\repos\advancedgdk\advancedgdk\include\advancedgdk\core\container\divisiblegrid3.hpp(305): note: while compiling class template member function 'void agdk::DivisibleGrid3Node<TElementType,std::ratio<102400,1>,4,5>::removeNode(const quickmaffs::Vector3f &)'
          with
          [
              TElementType=agdk::default_streamer::Chunk
          ]
  d:\inne\repos\advancedgdk\advancedgdk\include\advancedgdk\core\container\divisiblegrid3.hpp(318): note: see reference to function template instantiation 'void agdk::DivisibleGrid3Node<TElementType,std::ratio<102400,1>,4,5>::removeNode(const quickmaffs::Vector3f &)' being compiled
          with
          [
              TElementType=agdk::default_streamer::Chunk
          ]
  d:\inne\repos\advancedgdk\advancedgdk\include\advancedgdk\core\container\divisiblegrid3.hpp(363): note: see reference to class template instantiation 'agdk::DivisibleGrid3Node<TElementType,std::ratio<102400,1>,4,5>' being compiled
          with
          [
              TElementType=agdk::default_streamer::Chunk
          ]
  d:\inne\repos\advancedgdk\advancedgdk\include\advancedgdk\core\container\divisiblegrid3.hpp(361): note: while compiling class template member function 'VectorType agdk::DivisibleGrid3Node<TElementType,std::ratio<409600,1>,4,6>::computeArrayIndices(const quickmaffs::Vector3f &) const'
          with
          [
              TElementType=agdk::default_streamer::Chunk
          ]
d:\inne\repos\advancedgdk\advancedgdk\include\advancedgdk\core\container\divisiblegrid3.hpp(309): warning C4244: 'argument': conversion from '__int64' to 'std::array<std::array<std::unique_ptr<agdk::DivisibleGrid3Node<TElementType,std::ratio<25600,1>,4,4>,std::default_delete<T>>,4>,4>::size_type', possible loss of data
          with
          [
              TElementType=agdk::default_streamer::Chunk,
              T=agdk::DivisibleGrid3Node<agdk::default_streamer::Chunk,std::ratio<25600,1>,4,4>
          ]
d:\inne\repos\advancedgdk\advancedgdk\include\advancedgdk\core\container\divisiblegrid3.hpp(309): warning C4244: 'argument': conversion from '__int64' to 'std::array<std::unique_ptr<agdk::DivisibleGrid3Node<TElementType,std::ratio<25600,1>,4,4>,std::default_delete<T>>,4>::size_type', possible loss of data
          with
          [
              TElementType=agdk::default_streamer::Chunk,
              T=agdk::DivisibleGrid3Node<agdk::default_streamer::Chunk,std::ratio<25600,1>,4,4>
          ]
d:\inne\repos\advancedgdk\advancedgdk\include\advancedgdk\core\container\divisiblegrid3.hpp(240): warning C4244: 'argument': conversion from '__int64' to 'std::array<std::array<std::array<std::unique_ptr<agdk::DivisibleGrid3Node<TElementType,std::ratio<25600,1>,4,4>,std::default_delete<T>>,4>,4>,4>::size_type', possible loss of data
          with
          [
              TElementType=agdk::default_streamer::Chunk,
              T=agdk::DivisibleGrid3Node<agdk::default_streamer::Chunk,std::ratio<25600,1>,4,4>
          ]
  d:\inne\repos\advancedgdk\advancedgdk\include\advancedgdk\core\container\divisiblegrid3.hpp(237): note: while compiling class template member function 'TElementType *agdk::DivisibleGrid3Node<TElementType,std::ratio<102400,1>,4,5>::get(const quickmaffs::Vector3f &)'
          with
          [
              TElementType=agdk::default_streamer::Chunk
          ]
  d:\inne\repos\advancedgdk\advancedgdk\include\advancedgdk\core\container\divisiblegrid3.hpp(242): note: see reference to function template instantiation 'TElementType *agdk::DivisibleGrid3Node<TElementType,std::ratio<102400,1>,4,5>::get(const quickmaffs::Vector3f &)' being compiled
          with
          [
              TElementType=agdk::default_streamer::Chunk
          ]
d:\inne\repos\advancedgdk\advancedgdk\include\advancedgdk\core\container\divisiblegrid3.hpp(240): warning C4244: 'argument': conversion from '__int64' to 'std::array<std::array<std::unique_ptr<agdk::DivisibleGrid3Node<TElementType,std::ratio<25600,1>,4,4>,std::default_delete<T>>,4>,4>::size_type', possible loss of data
          with
          [
              TElementType=agdk::default_streamer::Chunk,
              T=agdk::DivisibleGrid3Node<agdk::default_streamer::Chunk,std::ratio<25600,1>,4,4>
          ]
d:\inne\repos\advancedgdk\advancedgdk\include\advancedgdk\core\container\divisiblegrid3.hpp(240): warning C4244: 'argument': conversion from '__int64' to 'std::array<std::unique_ptr<agdk::DivisibleGrid3Node<TElementType,std::ratio<25600,1>,4,4>,std::default_delete<T>>,4>::size_type', possible loss of data
          with
          [
              TElementType=agdk::default_streamer::Chunk,
              T=agdk::DivisibleGrid3Node<agdk::default_streamer::Chunk,std::ratio<25600,1>,4,4>
          ]
d:\inne\repos\advancedgdk\advancedgdk\include\advancedgdk\core\container\divisiblegrid3.hpp(179): warning C4244: 'argument': conversion from '__int64' to 'std::array<std::array<std::array<std::unique_ptr<agdk::DivisibleGrid3Node<TElementType,std::ratio<25600,1>,4,4>,std::default_delete<T>>,4>,4>,4>::size_type', possible loss of data
          with
          [
              TElementType=agdk::default_streamer::Chunk,
              T=agdk::DivisibleGrid3Node<agdk::default_streamer::Chunk,std::ratio<25600,1>,4,4>
          ]
  d:\inne\repos\advancedgdk\advancedgdk\include\advancedgdk\core\container\divisiblegrid3.hpp(173): note: while compiling class template member function 'TElementType &agdk::DivisibleGrid3Node<TElementType,std::ratio<102400,1>,4,5>::require(const quickmaffs::Vector3f &)'
          with
          [
              TElementType=agdk::default_streamer::Chunk
          ]
  d:\inne\repos\advancedgdk\advancedgdk\include\advancedgdk\core\container\divisiblegrid3.hpp(181): note: see reference to function template instantiation 'TElementType &agdk::DivisibleGrid3Node<TElementType,std::ratio<102400,1>,4,5>::require(const quickmaffs::Vector3f &)' being compiled
          with
          [
              TElementType=agdk::default_streamer::Chunk
          ]
d:\inne\repos\advancedgdk\advancedgdk\include\advancedgdk\core\container\divisiblegrid3.hpp(179): warning C4244: 'argument': conversion from '__int64' to 'std::array<std::array<std::unique_ptr<agdk::DivisibleGrid3Node<TElementType,std::ratio<25600,1>,4,4>,std::default_delete<T>>,4>,4>::size_type', possible loss of data
          with
          [
              TElementType=agdk::default_streamer::Chunk,
              T=agdk::DivisibleGrid3Node<agdk::default_streamer::Chunk,std::ratio<25600,1>,4,4>
          ]
d:\inne\repos\advancedgdk\advancedgdk\include\advancedgdk\core\container\divisiblegrid3.hpp(179): warning C4244: 'argument': conversion from '__int64' to 'std::array<std::unique_ptr<agdk::DivisibleGrid3Node<TElementType,std::ratio<25600,1>,4,4>,std::default_delete<T>>,4>::size_type', possible loss of data
          with
          [
              TElementType=agdk::default_streamer::Chunk,
              T=agdk::DivisibleGrid3Node<agdk::default_streamer::Chunk,std::ratio<25600,1>,4,4>
          ]
d:\inne\repos\advancedgdk\advancedgdk\include\advancedgdk\core\container\divisiblegrid3.hpp(309): warning C4244: 'argument': conversion from '__int64' to 'std::array<std::array<std::array<std::unique_ptr<agdk::DivisibleGrid3Node<TElementType,std::ratio<6400,1>,4,3>,std::default_delete<T>>,4>,4>,4>::size_type', possible loss of data
          with
          [
              TElementType=agdk::default_streamer::Chunk,
              T=agdk::DivisibleGrid3Node<agdk::default_streamer::Chunk,std::ratio<6400,1>,4,3>
          ]
  d:\inne\repos\advancedgdk\advancedgdk\include\advancedgdk\core\container\divisiblegrid3.hpp(305): note: while compiling class template member function 'void agdk::DivisibleGrid3Node<TElementType,std::ratio<25600,1>,4,4>::removeNode(const quickmaffs::Vector3f &)'
          with
          [
              TElementType=agdk::default_streamer::Chunk
          ]
  d:\inne\repos\advancedgdk\advancedgdk\include\advancedgdk\core\container\divisiblegrid3.hpp(318): note: see reference to function template instantiation 'void agdk::DivisibleGrid3Node<TElementType,std::ratio<25600,1>,4,4>::removeNode(const quickmaffs::Vector3f &)' being compiled
          with
          [
              TElementType=agdk::default_streamer::Chunk
          ]
  d:\inne\repos\advancedgdk\advancedgdk\include\advancedgdk\core\container\divisiblegrid3.hpp(363): note: see reference to class template instantiation 'agdk::DivisibleGrid3Node<TElementType,std::ratio<25600,1>,4,4>' being compiled
          with
          [
              TElementType=agdk::default_streamer::Chunk
          ]
  d:\inne\repos\advancedgdk\advancedgdk\include\advancedgdk\core\container\divisiblegrid3.hpp(361): note: while compiling class template member function 'VectorType agdk::DivisibleGrid3Node<TElementType,std::ratio<102400,1>,4,5>::computeArrayIndices(const quickmaffs::Vector3f &) const'
          with
          [
              TElementType=agdk::default_streamer::Chunk
          ]
d:\inne\repos\advancedgdk\advancedgdk\include\advancedgdk\core\container\divisiblegrid3.hpp(309): warning C4244: 'argument': conversion from '__int64' to 'std::array<std::array<std::unique_ptr<agdk::DivisibleGrid3Node<TElementType,std::ratio<6400,1>,4,3>,std::default_delete<T>>,4>,4>::size_type', possible loss of data
          with
          [
              TElementType=agdk::default_streamer::Chunk,
              T=agdk::DivisibleGrid3Node<agdk::default_streamer::Chunk,std::ratio<6400,1>,4,3>
          ]
d:\inne\repos\advancedgdk\advancedgdk\include\advancedgdk\core\container\divisiblegrid3.hpp(309): warning C4244: 'argument': conversion from '__int64' to 'std::array<std::unique_ptr<agdk::DivisibleGrid3Node<TElementType,std::ratio<6400,1>,4,3>,std::default_delete<T>>,4>::size_type', possible loss of data
          with
          [
              TElementType=agdk::default_streamer::Chunk,
              T=agdk::DivisibleGrid3Node<agdk::default_streamer::Chunk,std::ratio<6400,1>,4,3>
          ]
d:\inne\repos\advancedgdk\advancedgdk\include\advancedgdk\core\container\divisiblegrid3.hpp(240): warning C4244: 'argument': conversion from '__int64' to 'std::array<std::array<std::array<std::unique_ptr<agdk::DivisibleGrid3Node<TElementType,std::ratio<6400,1>,4,3>,std::default_delete<T>>,4>,4>,4>::size_type', possible loss of data
          with
          [
              TElementType=agdk::default_streamer::Chunk,
              T=agdk::DivisibleGrid3Node<agdk::default_streamer::Chunk,std::ratio<6400,1>,4,3>
          ]
  d:\inne\repos\advancedgdk\advancedgdk\include\advancedgdk\core\container\divisiblegrid3.hpp(237): note: while compiling class template member function 'TElementType *agdk::DivisibleGrid3Node<TElementType,std::ratio<25600,1>,4,4>::get(const quickmaffs::Vector3f &)'
          with
          [
              TElementType=agdk::default_streamer::Chunk
          ]
  d:\inne\repos\advancedgdk\advancedgdk\include\advancedgdk\core\container\divisiblegrid3.hpp(242): note: see reference to function template instantiation 'TElementType *agdk::DivisibleGrid3Node<TElementType,std::ratio<25600,1>,4,4>::get(const quickmaffs::Vector3f &)' being compiled
          with
          [
              TElementType=agdk::default_streamer::Chunk
          ]
d:\inne\repos\advancedgdk\advancedgdk\include\advancedgdk\core\container\divisiblegrid3.hpp(240): warning C4244: 'argument': conversion from '__int64' to 'std::array<std::array<std::unique_ptr<agdk::DivisibleGrid3Node<TElementType,std::ratio<6400,1>,4,3>,std::default_delete<T>>,4>,4>::size_type', possible loss of data
          with
          [
              TElementType=agdk::default_streamer::Chunk,
              T=agdk::DivisibleGrid3Node<agdk::default_streamer::Chunk,std::ratio<6400,1>,4,3>
          ]
d:\inne\repos\advancedgdk\advancedgdk\include\advancedgdk\core\container\divisiblegrid3.hpp(240): warning C4244: 'argument': conversion from '__int64' to 'std::array<std::unique_ptr<agdk::DivisibleGrid3Node<TElementType,std::ratio<6400,1>,4,3>,std::default_delete<T>>,4>::size_type', possible loss of data
          with
          [
              TElementType=agdk::default_streamer::Chunk,
              T=agdk::DivisibleGrid3Node<agdk::default_streamer::Chunk,std::ratio<6400,1>,4,3>
          ]
d:\inne\repos\advancedgdk\advancedgdk\include\advancedgdk\core\container\divisiblegrid3.hpp(179): warning C4244: 'argument': conversion from '__int64' to 'std::array<std::array<std::array<std::unique_ptr<agdk::DivisibleGrid3Node<TElementType,std::ratio<6400,1>,4,3>,std::default_delete<T>>,4>,4>,4>::size_type', possible loss of data
          with
          [
              TElementType=agdk::default_streamer::Chunk,
              T=agdk::DivisibleGrid3Node<agdk::default_streamer::Chunk,std::ratio<6400,1>,4,3>
          ]
  d:\inne\repos\advancedgdk\advancedgdk\include\advancedgdk\core\container\divisiblegrid3.hpp(173): note: while compiling class template member function 'TElementType &agdk::DivisibleGrid3Node<TElementType,std::ratio<25600,1>,4,4>::require(const quickmaffs::Vector3f &)'
          with
          [
              TElementType=agdk::default_streamer::Chunk
          ]
  d:\inne\repos\advancedgdk\advancedgdk\include\advancedgdk\core\container\divisiblegrid3.hpp(181): note: see reference to function template instantiation 'TElementType &agdk::DivisibleGrid3Node<TElementType,std::ratio<25600,1>,4,4>::require(const quickmaffs::Vector3f &)' being compiled
          with
          [
              TElementType=agdk::default_streamer::Chunk
          ]
d:\inne\repos\advancedgdk\advancedgdk\include\advancedgdk\core\container\divisiblegrid3.hpp(179): warning C4244: 'argument': conversion from '__int64' to 'std::array<std::array<std::unique_ptr<agdk::DivisibleGrid3Node<TElementType,std::ratio<6400,1>,4,3>,std::default_delete<T>>,4>,4>::size_type', possible loss of data
          with
          [
              TElementType=agdk::default_streamer::Chunk,
              T=agdk::DivisibleGrid3Node<agdk::default_streamer::Chunk,std::ratio<6400,1>,4,3>
          ]
d:\inne\repos\advancedgdk\advancedgdk\include\advancedgdk\core\container\divisiblegrid3.hpp(179): warning C4244: 'argument': conversion from '__int64' to 'std::array<std::unique_ptr<agdk::DivisibleGrid3Node<TElementType,std::ratio<6400,1>,4,3>,std::default_delete<T>>,4>::size_type', possible loss of data
          with
          [
              TElementType=agdk::default_streamer::Chunk,
              T=agdk::DivisibleGrid3Node<agdk::default_streamer::Chunk,std::ratio<6400,1>,4,3>
          ]
d:\inne\repos\advancedgdk\advancedgdk\include\advancedgdk\core\container\divisiblegrid3.hpp(309): warning C4244: 'argument': conversion from '__int64' to 'std::array<std::array<std::array<std::unique_ptr<agdk::DivisibleGrid3Node<TElementType,std::ratio<1600,1>,4,2>,std::default_delete<T>>,4>,4>,4>::size_type', possible loss of data
          with
          [
              TElementType=agdk::default_streamer::Chunk,
              T=agdk::DivisibleGrid3Node<agdk::default_streamer::Chunk,std::ratio<1600,1>,4,2>
          ]
  d:\inne\repos\advancedgdk\advancedgdk\include\advancedgdk\core\container\divisiblegrid3.hpp(305): note: while compiling class template member function 'void agdk::DivisibleGrid3Node<TElementType,std::ratio<6400,1>,4,3>::removeNode(const quickmaffs::Vector3f &)'
          with
          [
              TElementType=agdk::default_streamer::Chunk
          ]
  d:\inne\repos\advancedgdk\advancedgdk\include\advancedgdk\core\container\divisiblegrid3.hpp(318): note: see reference to function template instantiation 'void agdk::DivisibleGrid3Node<TElementType,std::ratio<6400,1>,4,3>::removeNode(const quickmaffs::Vector3f &)' being compiled
          with
          [
              TElementType=agdk::default_streamer::Chunk
          ]
  d:\inne\repos\advancedgdk\advancedgdk\include\advancedgdk\core\container\divisiblegrid3.hpp(363): note: see reference to class template instantiation 'agdk::DivisibleGrid3Node<TElementType,std::ratio<6400,1>,4,3>' being compiled
          with
          [
              TElementType=agdk::default_streamer::Chunk
          ]
  d:\inne\repos\advancedgdk\advancedgdk\include\advancedgdk\core\container\divisiblegrid3.hpp(361): note: while compiling class template member function 'VectorType agdk::DivisibleGrid3Node<TElementType,std::ratio<25600,1>,4,4>::computeArrayIndices(const quickmaffs::Vector3f &) const'
          with
          [
              TElementType=agdk::default_streamer::Chunk
          ]
d:\inne\repos\advancedgdk\advancedgdk\include\advancedgdk\core\container\divisiblegrid3.hpp(309): warning C4244: 'argument': conversion from '__int64' to 'std::array<std::array<std::unique_ptr<agdk::DivisibleGrid3Node<TElementType,std::ratio<1600,1>,4,2>,std::default_delete<T>>,4>,4>::size_type', possible loss of data
          with
          [
              TElementType=agdk::default_streamer::Chunk,
              T=agdk::DivisibleGrid3Node<agdk::default_streamer::Chunk,std::ratio<1600,1>,4,2>
          ]
d:\inne\repos\advancedgdk\advancedgdk\include\advancedgdk\core\container\divisiblegrid3.hpp(309): warning C4244: 'argument': conversion from '__int64' to 'std::array<std::unique_ptr<agdk::DivisibleGrid3Node<TElementType,std::ratio<1600,1>,4,2>,std::default_delete<T>>,4>::size_type', possible loss of data
          with
          [
              TElementType=agdk::default_streamer::Chunk,
              T=agdk::DivisibleGrid3Node<agdk::default_streamer::Chunk,std::ratio<1600,1>,4,2>
          ]
d:\inne\repos\advancedgdk\advancedgdk\include\advancedgdk\core\container\divisiblegrid3.hpp(240): warning C4244: 'argument': conversion from '__int64' to 'std::array<std::array<std::array<std::unique_ptr<agdk::DivisibleGrid3Node<TElementType,std::ratio<1600,1>,4,2>,std::default_delete<T>>,4>,4>,4>::size_type', possible loss of data
          with
          [
              TElementType=agdk::default_streamer::Chunk,
              T=agdk::DivisibleGrid3Node<agdk::default_streamer::Chunk,std::ratio<1600,1>,4,2>
          ]
  d:\inne\repos\advancedgdk\advancedgdk\include\advancedgdk\core\container\divisiblegrid3.hpp(237): note: while compiling class template member function 'TElementType *agdk::DivisibleGrid3Node<TElementType,std::ratio<6400,1>,4,3>::get(const quickmaffs::Vector3f &)'
          with
          [
              TElementType=agdk::default_streamer::Chunk
          ]
  d:\inne\repos\advancedgdk\advancedgdk\include\advancedgdk\core\container\divisiblegrid3.hpp(242): note: see reference to function template instantiation 'TElementType *agdk::DivisibleGrid3Node<TElementType,std::ratio<6400,1>,4,3>::get(const quickmaffs::Vector3f &)' being compiled
          with
          [
              TElementType=agdk::default_streamer::Chunk
          ]
d:\inne\repos\advancedgdk\advancedgdk\include\advancedgdk\core\container\divisiblegrid3.hpp(240): warning C4244: 'argument': conversion from '__int64' to 'std::array<std::array<std::unique_ptr<agdk::DivisibleGrid3Node<TElementType,std::ratio<1600,1>,4,2>,std::default_delete<T>>,4>,4>::size_type', possible loss of data
          with
          [
              TElementType=agdk::default_streamer::Chunk,
              T=agdk::DivisibleGrid3Node<agdk::default_streamer::Chunk,std::ratio<1600,1>,4,2>
          ]
d:\inne\repos\advancedgdk\advancedgdk\include\advancedgdk\core\container\divisiblegrid3.hpp(240): warning C4244: 'argument': conversion from '__int64' to 'std::array<std::unique_ptr<agdk::DivisibleGrid3Node<TElementType,std::ratio<1600,1>,4,2>,std::default_delete<T>>,4>::size_type', possible loss of data
          with
          [
              TElementType=agdk::default_streamer::Chunk,
              T=agdk::DivisibleGrid3Node<agdk::default_streamer::Chunk,std::ratio<1600,1>,4,2>
          ]
d:\inne\repos\advancedgdk\advancedgdk\include\advancedgdk\core\container\divisiblegrid3.hpp(179): warning C4244: 'argument': conversion from '__int64' to 'std::array<std::array<std::array<std::unique_ptr<agdk::DivisibleGrid3Node<TElementType,std::ratio<1600,1>,4,2>,std::default_delete<T>>,4>,4>,4>::size_type', possible loss of data
          with
          [
              TElementType=agdk::default_streamer::Chunk,
              T=agdk::DivisibleGrid3Node<agdk::default_streamer::Chunk,std::ratio<1600,1>,4,2>
          ]
  d:\inne\repos\advancedgdk\advancedgdk\include\advancedgdk\core\container\divisiblegrid3.hpp(173): note: while compiling class template member function 'TElementType &agdk::DivisibleGrid3Node<TElementType,std::ratio<6400,1>,4,3>::require(const quickmaffs::Vector3f &)'
          with
          [
              TElementType=agdk::default_streamer::Chunk
          ]
  d:\inne\repos\advancedgdk\advancedgdk\include\advancedgdk\core\container\divisiblegrid3.hpp(181): note: see reference to function template instantiation 'TElementType &agdk::DivisibleGrid3Node<TElementType,std::ratio<6400,1>,4,3>::require(const quickmaffs::Vector3f &)' being compiled
          with
          [
              TElementType=agdk::default_streamer::Chunk
          ]
d:\inne\repos\advancedgdk\advancedgdk\include\advancedgdk\core\container\divisiblegrid3.hpp(179): warning C4244: 'argument': conversion from '__int64' to 'std::array<std::array<std::unique_ptr<agdk::DivisibleGrid3Node<TElementType,std::ratio<1600,1>,4,2>,std::default_delete<T>>,4>,4>::size_type', possible loss of data
          with
          [
              TElementType=agdk::default_streamer::Chunk,
              T=agdk::DivisibleGrid3Node<agdk::default_streamer::Chunk,std::ratio<1600,1>,4,2>
          ]
d:\inne\repos\advancedgdk\advancedgdk\include\advancedgdk\core\container\divisiblegrid3.hpp(179): warning C4244: 'argument': conversion from '__int64' to 'std::array<std::unique_ptr<agdk::DivisibleGrid3Node<TElementType,std::ratio<1600,1>,4,2>,std::default_delete<T>>,4>::size_type', possible loss of data
          with
          [
              TElementType=agdk::default_streamer::Chunk,
              T=agdk::DivisibleGrid3Node<agdk::default_streamer::Chunk,std::ratio<1600,1>,4,2>
          ]
d:\inne\repos\advancedgdk\advancedgdk\include\advancedgdk\core\container\divisiblegrid3.hpp(309): warning C4244: 'argument': conversion from '__int64' to 'std::array<std::array<std::array<std::unique_ptr<agdk::DivisibleGrid3Node<TElementType,std::ratio<400,1>,4,1>,std::default_delete<T>>,4>,4>,4>::size_type', possible loss of data
          with
          [
              TElementType=agdk::default_streamer::Chunk,
              T=agdk::DivisibleGrid3Node<agdk::default_streamer::Chunk,std::ratio<400,1>,4,1>
          ]
  d:\inne\repos\advancedgdk\advancedgdk\include\advancedgdk\core\container\divisiblegrid3.hpp(305): note: while compiling class template member function 'void agdk::DivisibleGrid3Node<TElementType,std::ratio<1600,1>,4,2>::removeNode(const quickmaffs::Vector3f &)'
          with
          [
              TElementType=agdk::default_streamer::Chunk
          ]
  d:\inne\repos\advancedgdk\advancedgdk\include\advancedgdk\core\container\divisiblegrid3.hpp(318): note: see reference to function template instantiation 'void agdk::DivisibleGrid3Node<TElementType,std::ratio<1600,1>,4,2>::removeNode(const quickmaffs::Vector3f &)' being compiled
          with
          [
              TElementType=agdk::default_streamer::Chunk
          ]
  d:\inne\repos\advancedgdk\advancedgdk\include\advancedgdk\core\container\divisiblegrid3.hpp(363): note: see reference to class template instantiation 'agdk::DivisibleGrid3Node<TElementType,std::ratio<1600,1>,4,2>' being compiled
          with
          [
              TElementType=agdk::default_streamer::Chunk
          ]
  d:\inne\repos\advancedgdk\advancedgdk\include\advancedgdk\core\container\divisiblegrid3.hpp(361): note: while compiling class template member function 'VectorType agdk::DivisibleGrid3Node<TElementType,std::ratio<6400,1>,4,3>::computeArrayIndices(const quickmaffs::Vector3f &) const'
          with
          [
              TElementType=agdk::default_streamer::Chunk
          ]
d:\inne\repos\advancedgdk\advancedgdk\include\advancedgdk\core\container\divisiblegrid3.hpp(309): warning C4244: 'argument': conversion from '__int64' to 'std::array<std::array<std::unique_ptr<agdk::DivisibleGrid3Node<TElementType,std::ratio<400,1>,4,1>,std::default_delete<T>>,4>,4>::size_type', possible loss of data
          with
          [
              TElementType=agdk::default_streamer::Chunk,
              T=agdk::DivisibleGrid3Node<agdk::default_streamer::Chunk,std::ratio<400,1>,4,1>
          ]
d:\inne\repos\advancedgdk\advancedgdk\include\advancedgdk\core\container\divisiblegrid3.hpp(309): warning C4244: 'argument': conversion from '__int64' to 'std::array<std::unique_ptr<agdk::DivisibleGrid3Node<TElementType,std::ratio<400,1>,4,1>,std::default_delete<T>>,4>::size_type', possible loss of data
          with
          [
              TElementType=agdk::default_streamer::Chunk,
              T=agdk::DivisibleGrid3Node<agdk::default_streamer::Chunk,std::ratio<400,1>,4,1>
          ]
d:\inne\repos\advancedgdk\advancedgdk\include\advancedgdk\core\container\divisiblegrid3.hpp(240): warning C4244: 'argument': conversion from '__int64' to 'std::array<std::array<std::array<std::unique_ptr<agdk::DivisibleGrid3Node<TElementType,std::ratio<400,1>,4,1>,std::default_delete<T>>,4>,4>,4>::size_type', possible loss of data
          with
          [
              TElementType=agdk::default_streamer::Chunk,
              T=agdk::DivisibleGrid3Node<agdk::default_streamer::Chunk,std::ratio<400,1>,4,1>
          ]
  d:\inne\repos\advancedgdk\advancedgdk\include\advancedgdk\core\container\divisiblegrid3.hpp(237): note: while compiling class template member function 'TElementType *agdk::DivisibleGrid3Node<TElementType,std::ratio<1600,1>,4,2>::get(const quickmaffs::Vector3f &)'
          with
          [
              TElementType=agdk::default_streamer::Chunk
          ]
  d:\inne\repos\advancedgdk\advancedgdk\include\advancedgdk\core\container\divisiblegrid3.hpp(242): note: see reference to function template instantiation 'TElementType *agdk::DivisibleGrid3Node<TElementType,std::ratio<1600,1>,4,2>::get(const quickmaffs::Vector3f &)' being compiled
          with
          [
              TElementType=agdk::default_streamer::Chunk
          ]
d:\inne\repos\advancedgdk\advancedgdk\include\advancedgdk\core\container\divisiblegrid3.hpp(240): warning C4244: 'argument': conversion from '__int64' to 'std::array<std::array<std::unique_ptr<agdk::DivisibleGrid3Node<TElementType,std::ratio<400,1>,4,1>,std::default_delete<T>>,4>,4>::size_type', possible loss of data
          with
          [
              TElementType=agdk::default_streamer::Chunk,
              T=agdk::DivisibleGrid3Node<agdk::default_streamer::Chunk,std::ratio<400,1>,4,1>
          ]
d:\inne\repos\advancedgdk\advancedgdk\include\advancedgdk\core\container\divisiblegrid3.hpp(240): warning C4244: 'argument': conversion from '__int64' to 'std::array<std::unique_ptr<agdk::DivisibleGrid3Node<TElementType,std::ratio<400,1>,4,1>,std::default_delete<T>>,4>::size_type', possible loss of data
          with
          [
              TElementType=agdk::default_streamer::Chunk,
              T=agdk::DivisibleGrid3Node<agdk::default_streamer::Chunk,std::ratio<400,1>,4,1>
          ]
d:\inne\repos\advancedgdk\advancedgdk\include\advancedgdk\core\container\divisiblegrid3.hpp(179): warning C4244: 'argument': conversion from '__int64' to 'std::array<std::array<std::array<std::unique_ptr<agdk::DivisibleGrid3Node<TElementType,std::ratio<400,1>,4,1>,std::default_delete<T>>,4>,4>,4>::size_type', possible loss of data
          with
          [
              TElementType=agdk::default_streamer::Chunk,
              T=agdk::DivisibleGrid3Node<agdk::default_streamer::Chunk,std::ratio<400,1>,4,1>
          ]
  d:\inne\repos\advancedgdk\advancedgdk\include\advancedgdk\core\container\divisiblegrid3.hpp(173): note: while compiling class template member function 'TElementType &agdk::DivisibleGrid3Node<TElementType,std::ratio<1600,1>,4,2>::require(const quickmaffs::Vector3f &)'
          with
          [
              TElementType=agdk::default_streamer::Chunk
          ]
  d:\inne\repos\advancedgdk\advancedgdk\include\advancedgdk\core\container\divisiblegrid3.hpp(181): note: see reference to function template instantiation 'TElementType &agdk::DivisibleGrid3Node<TElementType,std::ratio<1600,1>,4,2>::require(const quickmaffs::Vector3f &)' being compiled
          with
          [
              TElementType=agdk::default_streamer::Chunk
          ]
d:\inne\repos\advancedgdk\advancedgdk\include\advancedgdk\core\container\divisiblegrid3.hpp(179): warning C4244: 'argument': conversion from '__int64' to 'std::array<std::array<std::unique_ptr<agdk::DivisibleGrid3Node<TElementType,std::ratio<400,1>,4,1>,std::default_delete<T>>,4>,4>::size_type', possible loss of data
          with
          [
              TElementType=agdk::default_streamer::Chunk,
              T=agdk::DivisibleGrid3Node<agdk::default_streamer::Chunk,std::ratio<400,1>,4,1>
          ]
d:\inne\repos\advancedgdk\advancedgdk\include\advancedgdk\core\container\divisiblegrid3.hpp(179): warning C4244: 'argument': conversion from '__int64' to 'std::array<std::unique_ptr<agdk::DivisibleGrid3Node<TElementType,std::ratio<400,1>,4,1>,std::default_delete<T>>,4>::size_type', possible loss of data
          with
          [
              TElementType=agdk::default_streamer::Chunk,
              T=agdk::DivisibleGrid3Node<agdk::default_streamer::Chunk,std::ratio<400,1>,4,1>
          ]
d:\inne\repos\advancedgdk\advancedgdk\include\advancedgdk\core\container\divisiblegrid3.hpp(309): warning C4244: 'argument': conversion from '__int64' to 'std::array<std::array<std::array<std::unique_ptr<agdk::DivisibleGrid3Node<TElementType,std::ratio<100,1>,4,0>,std::default_delete<T>>,4>,4>,4>::size_type', possible loss of data
          with
          [
              TElementType=agdk::default_streamer::Chunk,
              T=agdk::DivisibleGrid3Node<agdk::default_streamer::Chunk,std::ratio<100,1>,4,0>
          ]
  d:\inne\repos\advancedgdk\advancedgdk\include\advancedgdk\core\container\divisiblegrid3.hpp(305): note: while compiling class template member function 'void agdk::DivisibleGrid3Node<TElementType,std::ratio<400,1>,4,1>::removeNode(const quickmaffs::Vector3f &)'
          with
          [
              TElementType=agdk::default_streamer::Chunk
          ]
  d:\inne\repos\advancedgdk\advancedgdk\include\advancedgdk\core\container\divisiblegrid3.hpp(318): note: see reference to function template instantiation 'void agdk::DivisibleGrid3Node<TElementType,std::ratio<400,1>,4,1>::removeNode(const quickmaffs::Vector3f &)' being compiled
          with
          [
              TElementType=agdk::default_streamer::Chunk
          ]
  d:\inne\repos\advancedgdk\advancedgdk\include\advancedgdk\core\container\divisiblegrid3.hpp(363): note: see reference to class template instantiation 'agdk::DivisibleGrid3Node<TElementType,std::ratio<400,1>,4,1>' being compiled
          with
          [
              TElementType=agdk::default_streamer::Chunk
          ]
  d:\inne\repos\advancedgdk\advancedgdk\include\advancedgdk\core\container\divisiblegrid3.hpp(361): note: while compiling class template member function 'VectorType agdk::DivisibleGrid3Node<TElementType,std::ratio<1600,1>,4,2>::computeArrayIndices(const quickmaffs::Vector3f &) const'
          with
          [
              TElementType=agdk::default_streamer::Chunk
          ]
d:\inne\repos\advancedgdk\advancedgdk\include\advancedgdk\core\container\divisiblegrid3.hpp(309): warning C4244: 'argument': conversion from '__int64' to 'std::array<std::array<std::unique_ptr<agdk::DivisibleGrid3Node<TElementType,std::ratio<100,1>,4,0>,std::default_delete<T>>,4>,4>::size_type', possible loss of data
          with
          [
              TElementType=agdk::default_streamer::Chunk,
              T=agdk::DivisibleGrid3Node<agdk::default_streamer::Chunk,std::ratio<100,1>,4,0>
          ]
d:\inne\repos\advancedgdk\advancedgdk\include\advancedgdk\core\container\divisiblegrid3.hpp(309): warning C4244: 'argument': conversion from '__int64' to 'std::array<std::unique_ptr<agdk::DivisibleGrid3Node<TElementType,std::ratio<100,1>,4,0>,std::default_delete<T>>,4>::size_type', possible loss of data
          with
          [
              TElementType=agdk::default_streamer::Chunk,
              T=agdk::DivisibleGrid3Node<agdk::default_streamer::Chunk,std::ratio<100,1>,4,0>
          ]
d:\inne\repos\advancedgdk\advancedgdk\include\advancedgdk\core\container\divisiblegrid3.hpp(240): warning C4244: 'argument': conversion from '__int64' to 'std::array<std::array<std::array<std::unique_ptr<agdk::DivisibleGrid3Node<TElementType,std::ratio<100,1>,4,0>,std::default_delete<T>>,4>,4>,4>::size_type', possible loss of data
          with
          [
              TElementType=agdk::default_streamer::Chunk,
              T=agdk::DivisibleGrid3Node<agdk::default_streamer::Chunk,std::ratio<100,1>,4,0>
          ]
  d:\inne\repos\advancedgdk\advancedgdk\include\advancedgdk\core\container\divisiblegrid3.hpp(237): note: while compiling class template member function 'TElementType *agdk::DivisibleGrid3Node<TElementType,std::ratio<400,1>,4,1>::get(const quickmaffs::Vector3f &)'
          with
          [
              TElementType=agdk::default_streamer::Chunk
          ]
  d:\inne\repos\advancedgdk\advancedgdk\include\advancedgdk\core\container\divisiblegrid3.hpp(242): note: see reference to function template instantiation 'TElementType *agdk::DivisibleGrid3Node<TElementType,std::ratio<400,1>,4,1>::get(const quickmaffs::Vector3f &)' being compiled
          with
          [
              TElementType=agdk::default_streamer::Chunk
          ]
d:\inne\repos\advancedgdk\advancedgdk\include\advancedgdk\core\container\divisiblegrid3.hpp(240): warning C4244: 'argument': conversion from '__int64' to 'std::array<std::array<std::unique_ptr<agdk::DivisibleGrid3Node<TElementType,std::ratio<100,1>,4,0>,std::default_delete<T>>,4>,4>::size_type', possible loss of data
          with
          [
              TElementType=agdk::default_streamer::Chunk,
              T=agdk::DivisibleGrid3Node<agdk::default_streamer::Chunk,std::ratio<100,1>,4,0>
          ]
d:\inne\repos\advancedgdk\advancedgdk\include\advancedgdk\core\container\divisiblegrid3.hpp(240): warning C4244: 'argument': conversion from '__int64' to 'std::array<std::unique_ptr<agdk::DivisibleGrid3Node<TElementType,std::ratio<100,1>,4,0>,std::default_delete<T>>,4>::size_type', possible loss of data
          with
          [
              TElementType=agdk::default_streamer::Chunk,
              T=agdk::DivisibleGrid3Node<agdk::default_streamer::Chunk,std::ratio<100,1>,4,0>
          ]
d:\inne\repos\advancedgdk\advancedgdk\include\advancedgdk\core\container\divisiblegrid3.hpp(179): warning C4244: 'argument': conversion from '__int64' to 'std::array<std::array<std::array<std::unique_ptr<agdk::DivisibleGrid3Node<TElementType,std::ratio<100,1>,4,0>,std::default_delete<T>>,4>,4>,4>::size_type', possible loss of data
          with
          [
              TElementType=agdk::default_streamer::Chunk,
              T=agdk::DivisibleGrid3Node<agdk::default_streamer::Chunk,std::ratio<100,1>,4,0>
          ]
  d:\inne\repos\advancedgdk\advancedgdk\include\advancedgdk\core\container\divisiblegrid3.hpp(173): note: while compiling class template member function 'TElementType &agdk::DivisibleGrid3Node<TElementType,std::ratio<400,1>,4,1>::require(const quickmaffs::Vector3f &)'
          with
          [
              TElementType=agdk::default_streamer::Chunk
          ]
  d:\inne\repos\advancedgdk\advancedgdk\include\advancedgdk\core\container\divisiblegrid3.hpp(181): note: see reference to function template instantiation 'TElementType &agdk::DivisibleGrid3Node<TElementType,std::ratio<400,1>,4,1>::require(const quickmaffs::Vector3f &)' being compiled
          with
          [
              TElementType=agdk::default_streamer::Chunk
          ]
d:\inne\repos\advancedgdk\advancedgdk\include\advancedgdk\core\container\divisiblegrid3.hpp(179): warning C4244: 'argument': conversion from '__int64' to 'std::array<std::array<std::unique_ptr<agdk::DivisibleGrid3Node<TElementType,std::ratio<100,1>,4,0>,std::default_delete<T>>,4>,4>::size_type', possible loss of data
          with
          [
              TElementType=agdk::default_streamer::Chunk,
              T=agdk::DivisibleGrid3Node<agdk::default_streamer::Chunk,std::ratio<100,1>,4,0>
          ]
d:\inne\repos\advancedgdk\advancedgdk\include\advancedgdk\core\container\divisiblegrid3.hpp(179): warning C4244: 'argument': conversion from '__int64' to 'std::array<std::unique_ptr<agdk::DivisibleGrid3Node<TElementType,std::ratio<100,1>,4,0>,std::default_delete<T>>,4>::size_type', possible loss of data
          with
          [
              TElementType=agdk::default_streamer::Chunk,
              T=agdk::DivisibleGrid3Node<agdk::default_streamer::Chunk,std::ratio<100,1>,4,0>
          ]
  UniversalObjectWrapper.cpp
  VehicleWrapper.cpp
  Generating Code...
  AdvancedGDK.vcxproj -> D:\Inne\Repos\AdvancedGDK\AdvancedGDK\output\Win32\Debug\AdvancedGDK.lib
