d:\inne\repos\advancedgdk\advancedgdk\intermediate\win32\debug\advancedgdk.pch
d:\inne\repos\advancedgdk\advancedgdk\intermediate\win32\debug\advancedgdk.pdb
d:\inne\repos\advancedgdk\advancedgdk\intermediate\win32\debug\advancedgdk.idb
d:\inne\repos\advancedgdk\advancedgdk\intermediate\win32\debug\advancedgdkpch.sbr
d:\inne\repos\advancedgdk\advancedgdk\intermediate\win32\debug\advancedgdkpch.obj
d:\inne\repos\advancedgdk\advancedgdk\intermediate\win32\debug\amxplugin.sbr
d:\inne\repos\advancedgdk\advancedgdk\intermediate\win32\dependencies\sampgdk\amxplugin.obj
d:\inne\repos\advancedgdk\advancedgdk\intermediate\win32\debug\sampgdk.sbr
d:\inne\repos\advancedgdk\advancedgdk\intermediate\win32\dependencies\sampgdk\sampgdk.obj
d:\inne\repos\advancedgdk\advancedgdk\intermediate\win32\debug\actions.sbr
d:\inne\repos\advancedgdk\advancedgdk\intermediate\win32\debug\clock.sbr
d:\inne\repos\advancedgdk\advancedgdk\intermediate\win32\debug\color.sbr
d:\inne\repos\advancedgdk\advancedgdk\intermediate\win32\debug\src\advancedgdk\core\color.obj
d:\inne\repos\advancedgdk\advancedgdk\intermediate\win32\debug\src\advancedgdk\core\clock.obj
d:\inne\repos\advancedgdk\advancedgdk\intermediate\win32\debug\src\advancedgdk\core\actions.obj
d:\inne\repos\advancedgdk\advancedgdk\intermediate\win32\debug\placementtracker.sbr
d:\inne\repos\advancedgdk\advancedgdk\intermediate\win32\debug\src\advancedgdk\core\basicinterfaces\placementtracker.obj
d:\inne\repos\advancedgdk\advancedgdk\intermediate\win32\debug\ascii.sbr
d:\inne\repos\advancedgdk\advancedgdk\intermediate\win32\debug\src\advancedgdk\core\text\ascii.obj
d:\inne\repos\advancedgdk\advancedgdk\intermediate\win32\debug\command.sbr
d:\inne\repos\advancedgdk\advancedgdk\intermediate\win32\debug\commandmanager.sbr
d:\inne\repos\advancedgdk\advancedgdk\intermediate\win32\debug\keyboard.sbr
d:\inne\repos\advancedgdk\advancedgdk\intermediate\win32\debug\player.sbr
d:\inne\repos\advancedgdk\advancedgdk\intermediate\win32\debug\playerpool.sbr
d:\inne\repos\advancedgdk\advancedgdk\intermediate\win32\debug\weapon.sbr
d:\inne\repos\advancedgdk\advancedgdk\intermediate\win32\debug\chat.sbr
d:\inne\repos\advancedgdk\advancedgdk\intermediate\win32\debug\gamemode.sbr
d:\inne\repos\advancedgdk\advancedgdk\intermediate\win32\debug\server.sbr
d:\inne\repos\advancedgdk\advancedgdk\intermediate\win32\debug\src\advancedgdk\server\server.obj
d:\inne\repos\advancedgdk\advancedgdk\intermediate\win32\debug\src\advancedgdk\server\gamemode.obj
d:\inne\repos\advancedgdk\advancedgdk\intermediate\win32\debug\src\advancedgdk\server\chat.obj
d:\inne\repos\advancedgdk\advancedgdk\intermediate\win32\debug\src\advancedgdk\server\weapon.obj
d:\inne\repos\advancedgdk\advancedgdk\intermediate\win32\debug\src\advancedgdk\server\playerpool.obj
d:\inne\repos\advancedgdk\advancedgdk\intermediate\win32\debug\src\advancedgdk\server\player.obj
d:\inne\repos\advancedgdk\advancedgdk\intermediate\win32\debug\src\advancedgdk\server\keyboard.obj
d:\inne\repos\advancedgdk\advancedgdk\intermediate\win32\debug\src\advancedgdk\server\commandmanager.obj
d:\inne\repos\advancedgdk\advancedgdk\intermediate\win32\debug\src\advancedgdk\server\command.obj
d:\inne\repos\advancedgdk\advancedgdk\intermediate\win32\debug\3dnode.sbr
d:\inne\repos\advancedgdk\advancedgdk\intermediate\win32\debug\gangzone.sbr
d:\inne\repos\advancedgdk\advancedgdk\intermediate\win32\debug\map.sbr
d:\inne\repos\advancedgdk\advancedgdk\intermediate\win32\debug\scene.sbr
d:\inne\repos\advancedgdk\advancedgdk\intermediate\win32\debug\globalobject.sbr
d:\inne\repos\advancedgdk\advancedgdk\intermediate\win32\debug\sceneloader.sbr
d:\inne\repos\advancedgdk\advancedgdk\intermediate\win32\debug\personalobject.sbr
d:\inne\repos\advancedgdk\advancedgdk\intermediate\win32\debug\universalobject.sbr
d:\inne\repos\advancedgdk\advancedgdk\intermediate\win32\debug\vehicle.sbr
d:\inne\repos\advancedgdk\advancedgdk\intermediate\win32\debug\mapobject.sbr
d:\inne\repos\advancedgdk\advancedgdk\intermediate\win32\debug\perplayerobject.sbr
d:\inne\repos\advancedgdk\advancedgdk\intermediate\win32\debug\wi3dnode.sbr
d:\inne\repos\advancedgdk\advancedgdk\intermediate\win32\debug\src\advancedgdk\world\wi3dnode.obj
d:\inne\repos\advancedgdk\advancedgdk\intermediate\win32\debug\src\advancedgdk\world\perplayerobject.obj
d:\inne\repos\advancedgdk\advancedgdk\intermediate\win32\debug\src\advancedgdk\world\mapobject.obj
d:\inne\repos\advancedgdk\advancedgdk\intermediate\win32\debug\src\advancedgdk\world\vehicle.obj
d:\inne\repos\advancedgdk\advancedgdk\intermediate\win32\debug\src\advancedgdk\world\universalobject.obj
d:\inne\repos\advancedgdk\advancedgdk\intermediate\win32\debug\src\advancedgdk\world\personalobject.obj
d:\inne\repos\advancedgdk\advancedgdk\intermediate\win32\debug\src\advancedgdk\world\sceneloader.obj
d:\inne\repos\advancedgdk\advancedgdk\intermediate\win32\debug\src\advancedgdk\world\globalobject.obj
d:\inne\repos\advancedgdk\advancedgdk\intermediate\win32\debug\src\advancedgdk\world\scene.obj
d:\inne\repos\advancedgdk\advancedgdk\intermediate\win32\debug\advancedgdk.tlog\cl.command.1.tlog
d:\inne\repos\advancedgdk\advancedgdk\intermediate\win32\debug\advancedgdk.tlog\cl.read.1.tlog
d:\inne\repos\advancedgdk\advancedgdk\intermediate\win32\debug\advancedgdk.tlog\cl.write.1.tlog
